  CatalogManagerUnitTest.cpp
c:\users\yu\onedrive\大二下学期\db\minisql\test\test\catalogmanagerunittest.cpp(1): warning C4603: “BOOST_TEST_MODULE”: 未定义宏或在预编译头使用后定义发生改变
  c:\users\yu\onedrive\大二下学期\db\minisql\test\test\catalogmanagerunittest.cpp(1): note: 将宏添加到预编译头中，而不是在此处定义
  c:\users\yu\onedrive\大二下学期\db\minisql\test\test\catalogmanagerunittest.cpp(2): note: 使用预编译头
c:\users\yu\onedrive\大二下学期\db\minisql\test\test\catalogmanagerunittest.cpp(16): error C2661: “Attr::Attr”: 没有重载函数接受 4 个参数
c:\users\yu\onedrive\大二下学期\db\minisql\test\test\catalogmanagerunittest.cpp(123): error C2039: “getAllAttributes”: 不是“CatalogManager”的成员
  c:\users\yu\onedrive\大二下学期\db\minisql\src\catalogmanger\catalogmanger.h(8): note: 参见“CatalogManager”的声明
